<?xml version="1.0" encoding="UTF-8"?>
<!-- Generated by org.testng.reporters.JUnitReportReporter -->
<testsuite hostname="DESKTOP-2CA4K28" failures="0" tests="11" name="com.TestNG_Nykaa_Project.Nykaa_TestNG" time="53.154" errors="0" timestamp="2023-03-17T13:09:47 IST" skipped="2">
  <testcase classname="com.TestNG_Nykaa_Project.Nykaa_TestNG" name="add_To_Cart" time="8.399"/>
  <system-out/>
  <testcase classname="com.TestNG_Nykaa_Project.Nykaa_TestNG" name="browserlaunch" time="1.567"/>
  <system-out/>
  <testcase classname="com.TestNG_Nykaa_Project.Nykaa_TestNG" name="add_Address" time="6.589"/>
  <system-out/>
  <testcase classname="com.TestNG_Nykaa_Project.Nykaa_TestNG" name="urllaunch" time="3.137"/>
  <system-out/>
  <testcase classname="com.TestNG_Nykaa_Project.Nykaa_TestNG" name="signIn" time="0.389"/>
  <system-out/>
  <testcase classname="com.TestNG_Nykaa_Project.Nykaa_TestNG" name="verify_Login" time="21.106"/>
  <system-out/>
  <testcase classname="com.TestNG_Nykaa_Project.Nykaa_TestNG" name="select_Product" time="11.541"/>
  <system-out/>
  <testcase classname="com.TestNG_Nykaa_Project.Nykaa_TestNG" name="close_Window" time="0.078"/>
  <system-out/>
  <testcase classname="com.TestNG_Nykaa_Project.Nykaa_TestNG" name="quit_Browser" time="0.348"/>
  <system-out/>
  <testcase classname="com.TestNG_Nykaa_Project.Nykaa_TestNG" name="place_Order">
    <skipped/>
  </testcase> <!-- place_Order -->
  <system-out/>
  <testcase classname="com.TestNG_Nykaa_Project.Nykaa_TestNG" name="signOut">
    <skipped/>
  </testcase> <!-- signOut -->
  <system-out/>
</testsuite> <!-- com.TestNG_Nykaa_Project.Nykaa_TestNG -->
